<?xml version='1.0' encoding='UTF-8'?>
<testsuite hostname="chen-System-Product-Name" name="core.ALU.ALU_ANDSpec" tests="3" errors="0" failures="0" skipped="0" time="6.329" timestamp="2025-02-26T17:24:57">
          <properties>
[...]
</properties>
          <testcase classname="core.ALU.ALU_ANDSpec" name="test 0&amp;1=0" time="3.754">
                      
                    </testcase><testcase classname="core.ALU.ALU_ANDSpec" name="test small int addition" time="1.136">
                      
                    </testcase><testcase classname="core.ALU.ALU_ANDSpec" name="test add with big step" time="1.439">
                      
                    </testcase>
          <system-out><![CDATA[]]></system-out>
          <system-err><![CDATA[]]></system-err>
        </testsuite>