[0m[[0m[0mdebug[0m] [0m[0mRunning TaskDef(core.PU.ExtInstNoMemPUSpec, org.scalatest.tools.Framework$$anon$1@5275b7b0, false, [SuiteSelector])[0m
[0m[[0m[0mdebug[0m] [0m[0mRunning TaskDef(core.ALU.ALU_ANDSpec, org.scalatest.tools.Framework$$anon$1@5275b7b0, false, [SuiteSelector])[0m
[0m[[0m[0mdebug[0m] [0m[0mRunning TaskDef(core.ALU.ALU_ADDSpec, org.scalatest.tools.Framework$$anon$1@5275b7b0, false, [SuiteSelector])[0m
[0m[[0m[0mdebug[0m] [0m[0mRunning TaskDef(core.ALU.ALUSpec, org.scalatest.tools.Framework$$anon$1@5275b7b0, false, [SuiteSelector])[0m
[0m[[0m[0minfo[0m] [0m[0m[32mALUSpec:[0m[0m
[0m[[0m[0minfo[0m] [0m[0m[31m- ALU should pass all test cases from CSV *** FAILED ***[0m[0m
[0m[[0m[0minfo[0m] [0m[0m[31m  java.io.FileNotFoundException: unittest/ALU/alu_testcases.csv (No such file or directory)[0m[0m
[0m[[0m[0minfo[0m] [0m[0m[31m  at java.base/java.io.FileInputStream.open0(Native Method)[0m[0m
[0m[[0m[0minfo[0m] [0m[0m[31m  at java.base/java.io.FileInputStream.open(FileInputStream.java:216)[0m[0m
[0m[[0m[0minfo[0m] [0m[0m[31m  at java.base/java.io.FileInputStream.<init>(FileInputStream.java:157)[0m[0m
[0m[[0m[0minfo[0m] [0m[0m[31m  at scala.io.Source$.fromFile(Source.scala:94)[0m[0m
[0m[[0m[0minfo[0m] [0m[0m[31m  at scala.io.Source$.fromFile(Source.scala:79)[0m[0m
[0m[[0m[0minfo[0m] [0m[0m[31m  at scala.io.Source$.fromFile(Source.scala:57)[0m[0m
[0m[[0m[0minfo[0m] [0m[0m[31m  at core.ALU.ALUSpec.loadTestCases(ALUSpec.scala:24)[0m[0m
[0m[[0m[0minfo[0m] [0m[0m[31m  at core.ALU.ALUSpec.$anonfun$new$3(ALUSpec.scala:42)[0m[0m
[0m[[0m[0minfo[0m] [0m[0m[31m  at core.ALU.ALUSpec.$anonfun$new$3$adapted(ALUSpec.scala:41)[0m[0m
[0m[[0m[0minfo[0m] [0m[0m[31m  at chisel3.simulator.EphemeralSimulator$.$anonfun$simulate$1(EphemeralSimulator.scala:25)[0m[0m
[0m[[0m[0minfo[0m] [0m[0m[31m  ...[0m[0m
[0m[[0m[0minfo[0m] [0m[0m[32mExtInstNoMemPUSpec:[0m[0m
[0m[[0m[0minfo[0m] [0m[0m[32m- Just add 1 to x1[0m[0m
[0m[[0m[0minfo[0m] [0m[0m[32m- x1 = x2+1,x3=x4+1,x5=x3+x1[0m[0m
[0m[[0m[0minfo[0m] [0m[0m[32mALU_ANDSpec:[0m[0m
[0m[[0m[0minfo[0m] [0m[0m[32m- test 0&1=0[0m[0m
[0m[[0m[0minfo[0m] [0m[0m[32m- test small int addition[0m[0m
[0m[[0m[0minfo[0m] [0m[0m[32m- test add with big step[0m[0m
[0m[[0m[0minfo[0m] [0m[0m[32mALU_ADDSpec:[0m[0m
[0m[[0m[0minfo[0m] [0m[0m[32m- test 0+1=1[0m[0m
[0m[[0m[0minfo[0m] [0m[0m[32m- test small int addition[0m[0m
[0m[[0m[0minfo[0m] [0m[0m[32m- test add with big step[0m[0m
[0m[[0m[0minfo[0m] [0m[0m[36mRun completed in 6 seconds, 863 milliseconds.[0m[0m
[0m[[0m[0minfo[0m] [0m[0m[36mTotal number of tests run: 9[0m[0m
[0m[[0m[0minfo[0m] [0m[0m[36mSuites: completed 4, aborted 0[0m[0m
[0m[[0m[0minfo[0m] [0m[0m[36mTests: succeeded 8, failed 1, canceled 0, ignored 0, pending 0[0m[0m
[0m[[0m[0minfo[0m] [0m[0m[31m*** 1 TEST FAILED ***[0m[0m
[0m[[0m[0mdebug[0m] [0m[0mPassed tests:[0m
[0m[[0m[0mdebug[0m] [0m[0m	core.PU.ExtInstNoMemPUSpec[0m
[0m[[0m[0mdebug[0m] [0m[0m	core.ALU.ALU_ANDSpec[0m
[0m[[0m[0mdebug[0m] [0m[0m	core.ALU.ALU_ADDSpec[0m
[0m[[0m[31merror[0m] [0m[0mFailed tests:[0m
[0m[[0m[31merror[0m] [0m[0m	core.ALU.ALUSpec[0m
[0m[[0m[31merror[0m] [0m[0m(Test / [31mtest[0m) sbt.TestsFailedException: Tests unsuccessful[0m
